2024-08-12 00:16:51 INFO Log file initialized.
2024-08-12 00:16:51 INFO Parsed client code: ABDD90, trade type: repotrades, trade date: 20240610, file_number: 1.
2024-08-12 00:16:51 INFO Starting trade processing.
2024-08-12 00:16:51 INFO Extracting data query: 
        SELECT COUNT(*) AS Count
        FROM TradeBooking.AuthorizedClients
        WHERE ClientCode = :client_code
        AND KYC_Status = 'Y'
        AND RISK_Status = 'Y'
        .
2024-08-12 00:16:51 INFO Connected to database successfully.
2024-08-12 00:16:51 INFO <sqlalchemy.engine.cursor.CursorResult object at 0x7321650bcf40>
2024-08-12 00:16:51 INFO    Count
0      1
2024-08-12 00:16:51 INFO Starting Trades_repo Sanity Checks...
2024-08-12 00:16:51 INFO    ClientTradeId ClientCode    Nominal  ...   Fee Way       Trader
0         833434     ABDD90  200000000  ...  0.03   B  mthomas4718

[1 rows x 16 columns]
2024-08-12 00:16:51 INFO End of Trades_repo Sanity Checks...
2024-08-12 00:16:51 INFO Insert data into the database
2024-08-12 00:16:51 INFO Loading data into RepoTrades...
2024-08-12 00:16:51 INFO Connected to database successfully.
2024-08-12 00:16:51 INFO data.sql: 1
2024-08-12 00:16:51 INFO Data loaded successfully into RepoTrades.
2024-08-12 00:16:51 INFO Finished loading trades.
