2024-08-12 00:17:06 INFO Log file initialized.
2024-08-12 00:17:06 INFO Parsed client code: ADKC09, trade type: loantrades, trade date: 20240610, file_number: 1.
2024-08-12 00:17:06 INFO Starting trade processing.
2024-08-12 00:17:06 INFO Extracting data query: 
        SELECT COUNT(*) AS Count
        FROM TradeBooking.AuthorizedClients
        WHERE ClientCode = :client_code
        AND KYC_Status = 'Y'
        AND RISK_Status = 'Y'
        .
2024-08-12 00:17:06 INFO Connected to database successfully.
2024-08-12 00:17:06 INFO <sqlalchemy.engine.cursor.CursorResult object at 0x77e25c474f40>
2024-08-12 00:17:06 INFO    Count
0      1
2024-08-12 00:17:06 INFO Starting LoanTrades Sanity Checks...
2024-08-12 00:17:06 INFO   TradeDate TradeTime  ClientTradeId  ... NetAmount UsedAmount Currency
0  20240610  08:14:37         983807  ...    300000      23030      USD

[1 rows x 12 columns]
2024-08-12 00:17:06 INFO Insert data into the database
2024-08-12 00:17:06 INFO Loading data into LoanTrades...
2024-08-12 00:17:06 INFO Connected to database successfully.
2024-08-12 00:17:06 INFO data.sql: 1
2024-08-12 00:17:06 INFO Data loaded successfully into LoanTrades.
2024-08-12 00:17:06 INFO Finished loading trades.
