2024-08-12 00:15:52 INFO Log file initialized.
2024-08-12 00:15:53 INFO Parsed client code: ADVF33, trade type: loantrades, trade date: 20240610, file_number: 1.
2024-08-12 00:15:53 INFO Starting trade processing.
2024-08-12 00:15:53 INFO Extracting data query: 
        SELECT COUNT(*) AS Count
        FROM TradeBooking.AuthorizedClients
        WHERE ClientCode = :client_code
        AND KYC_Status = 'Y'
        AND RISK_Status = 'Y'
        .
2024-08-12 00:15:53 INFO Connected to database successfully.
2024-08-12 00:15:53 INFO <sqlalchemy.engine.cursor.CursorResult object at 0x7ceef09a0f40>
2024-08-12 00:15:53 INFO    Count
0      1
2024-08-12 00:15:53 INFO Starting LoanTrades Sanity Checks...
2024-08-12 00:15:53 INFO   TradeDate TradeTime  ClientTradeId  ... NetAmount UsedAmount Currency
0  20240610  06:44:56        2407333  ...    300000      30000      USD

[1 rows x 12 columns]
2024-08-12 00:15:53 INFO Insert data into the database
2024-08-12 00:15:53 INFO Loading data into LoanTrades...
2024-08-12 00:15:53 INFO Connected to database successfully.
2024-08-12 00:15:54 INFO data.sql: 1
2024-08-12 00:15:54 INFO Data loaded successfully into LoanTrades.
2024-08-12 00:15:54 INFO Finished loading trades.
