2024-08-12 00:41:00 INFO Log file initialized.
2024-08-12 00:41:00 INFO Parsed client code: CYZX03, trade type: loantrades, trade date: 20240611, file_number: 1.
2024-08-12 00:41:00 INFO Starting trade processing.
2024-08-12 00:41:00 INFO Extracting data query: 
        SELECT COUNT(*) AS Count
        FROM TradeBooking.AuthorizedClients
        WHERE ClientCode = :client_code
        AND KYC_Status = 'Y'
        AND RISK_Status = 'Y'
        .
2024-08-12 00:41:00 INFO Connected to database successfully.
2024-08-12 00:41:00 INFO <sqlalchemy.engine.cursor.CursorResult object at 0x73ab6cef0f40>
2024-08-12 00:41:00 INFO    Count
0      1
2024-08-12 00:41:00 INFO Starting LoanTrades Sanity Checks...
2024-08-12 00:41:00 INFO   TradeDate TradeTime  ClientTradeId  ... NetAmount UsedAmount Currency
0  20240611  10:21:05        4202570  ...   5566978    5562271      USD

[1 rows x 12 columns]
2024-08-12 00:41:00 INFO Insert data into the database
2024-08-12 00:41:00 INFO Loading data into LoanTrades...
2024-08-12 00:41:00 INFO Connected to database successfully.
2024-08-12 00:41:00 INFO data.sql: 1
2024-08-12 00:41:00 INFO Data loaded successfully into LoanTrades.
2024-08-12 00:41:00 INFO Finished loading trades.
