2024-08-12 00:52:57 INFO Log file initialized.
2024-08-12 00:52:57 INFO Parsed client code: GYTR07, trade type: repotrades, trade date: 20240613, file_number: 1.
2024-08-12 00:52:57 INFO Starting trade processing.
2024-08-12 00:52:57 INFO Extracting data query: 
        SELECT COUNT(*) AS Count
        FROM TradeBooking.AuthorizedClients
        WHERE ClientCode = :client_code
        AND KYC_Status = 'Y'
        AND RISK_Status = 'Y'
        .
2024-08-12 00:52:57 INFO Connected to database successfully.
2024-08-12 00:52:57 INFO <sqlalchemy.engine.cursor.CursorResult object at 0x7bd747450fa0>
2024-08-12 00:52:57 INFO    Count
0      1
2024-08-12 00:52:57 INFO Starting Trades_repo Sanity Checks...
2024-08-12 00:52:57 INFO    ClientTradeId ClientCode    Nominal  ...   Fee Way       Trader
0         906507     GYTR07  297685068  ...  0.03   B  mthomas4718

[1 rows x 16 columns]
2024-08-12 00:52:57 INFO End of Trades_repo Sanity Checks...
2024-08-12 00:52:57 INFO Insert data into the database
2024-08-12 00:52:57 INFO Loading data into RepoTrades...
2024-08-12 00:52:57 INFO Connected to database successfully.
2024-08-12 00:52:58 INFO data.sql: 1
2024-08-12 00:52:58 INFO Data loaded successfully into RepoTrades.
2024-08-12 00:52:58 INFO Finished loading trades.
