2024-08-12 00:53:22 INFO Log file initialized.
2024-08-12 00:53:22 INFO Parsed client code: HZRS08, trade type: loantrades, trade date: 20240613, file_number: 1.
2024-08-12 00:53:22 INFO Starting trade processing.
2024-08-12 00:53:22 INFO Extracting data query: 
        SELECT COUNT(*) AS Count
        FROM TradeBooking.AuthorizedClients
        WHERE ClientCode = :client_code
        AND KYC_Status = 'Y'
        AND RISK_Status = 'Y'
        .
2024-08-12 00:53:23 INFO Connected to database successfully.
2024-08-12 00:53:23 INFO <sqlalchemy.engine.cursor.CursorResult object at 0x75f4b281cf40>
2024-08-12 00:53:23 INFO    Count
0      1
2024-08-12 00:53:23 INFO Starting LoanTrades Sanity Checks...
2024-08-12 00:53:23 INFO   TradeDate TradeTime  ClientTradeId  ... NetAmount UsedAmount Currency
0  20240613  10:38:17         157859  ...   4217778    3747373      USD

[1 rows x 12 columns]
2024-08-12 00:53:23 INFO Insert data into the database
2024-08-12 00:53:23 INFO Loading data into LoanTrades...
2024-08-12 00:53:23 INFO Connected to database successfully.
2024-08-12 00:53:23 INFO data.sql: 1
2024-08-12 00:53:23 INFO Data loaded successfully into LoanTrades.
2024-08-12 00:53:23 INFO Finished loading trades.
