2024-08-12 01:00:17 INFO Log file initialized.
2024-08-12 01:00:17 INFO Starting trade file monitoring...
2024-08-12 01:00:17 INFO Listed files in local folder data/input: ['ABDD90_repotrades_20240610_1.csv', 'ADDL87_trades_20240614_1.csv', 'ACDT32_repotrades_20240610_1.csv', 'FZUS06_repotrades_20240611_1.csv', 'ADKC09_loantrades_20240610_1.csv', 'ABBD91_repotrades_20240610_1.csv', 'JZPQ10_repotrades_20240614_1.csv', 'AWXZ01_repotrades_20240611_1.csv', 'ABDD99_loantrades_20240610_1.csv', 'JZPQ10_loantrades_20240614_1.csv', 'ADVF33_loantrades_20240610_1.csv', 'AWXZ01_loantrades_20240611_1.csv', 'processed', 'ADFF22_loantrades_20240610_1.csv', 'positions_20240610.csv', 'DZVU04_loantrades_20240612_1.csv', 'GYTR07_repotrades_20240613_1.csv', 'FZUS06_repotrades_20240613_1.csv', 'FZUS06_loantrades_20240613_1.csv', 'HZRS08_loantrades_20240613_1.csv', 'CYZX03_repotrades_20240611_1.csv', 'ABBD91_trades_20240610_2.csv', 'ABBD91_trades_20240611_1.csv', 'EYVT05_loantrades_20240611_1.csv', 'HZRS08_repotrades_20240613_1.csv', 'ABCS12_loantrades_20240610_1.csv', 'DZVU04_repotrades_20240611_1.csv', 'ADDL87_loantrades_20240610_1.csv', 'IYQR09_loantrades_20240614_1.csv', 'IYQR09_repotrades_20240614_1.csv', 'working', 'positions_20240612.csv', 'ACDT32_loantrades_20240610_1.csv', 'IYQR09_loantrades_20240613_1.csv', 'ACDR21_repotrades_20240610_1.csv', 'EYVT05_repotrades_20240611_1.csv', 'EYVT05_loantrades_20240612_1.csv', 'BYWX02_repotrades_20240611_1.csv', 'CYZX03_loantrades_20240611_1.csv', 'ADCC12_loantrades_20240610_1.csv', 'APPC12_loantrades_20240610_1.csv', 'BYWX02_loantrades_20240611_1.csv', 'ACVD53_loantrades_20240610_1.csv', 'GYTR07_loantrades_20240613_1.csv', 'ADDE98_loantrades_20240610_1.csv', 'DZVU04_loantrades_20240611_1.csv', 'positions_20240611.csv', 'ADDL87_repotrades_20240610_1.csv']
2024-08-12 01:00:17 INFO Input file JZPQ10_repotrades_20240614_1.csv moved to data/input/working/JZPQ10_repotrades_20240614_1.csv.
2024-08-12 01:00:17 INFO Calling Load Client Trade process.
2024-08-12 01:00:22 INFO Load Client Trade process executed for JZPQ10_repotrades_20240614_1.csv.
2024-08-12 01:00:22 INFO working file JZPQ10_repotrades_20240614_1.csv moved to data/input/processed/JZPQ10_repotrades_20240614_1.csv.
2024-08-12 01:00:22 INFO Input file JZPQ10_loantrades_20240614_1.csv moved to data/input/working/JZPQ10_loantrades_20240614_1.csv.
2024-08-12 01:00:22 INFO Calling Load Client Trade process.
2024-08-12 01:00:31 INFO Load Client Trade process executed for JZPQ10_loantrades_20240614_1.csv.
2024-08-12 01:00:31 INFO working file JZPQ10_loantrades_20240614_1.csv moved to data/input/processed/JZPQ10_loantrades_20240614_1.csv.
2024-08-12 01:00:31 INFO Input file IYQR09_loantrades_20240614_1.csv moved to data/input/working/IYQR09_loantrades_20240614_1.csv.
2024-08-12 01:00:31 INFO Calling Load Client Trade process.
2024-08-12 01:00:39 INFO Load Client Trade process executed for IYQR09_loantrades_20240614_1.csv.
2024-08-12 01:00:39 INFO working file IYQR09_loantrades_20240614_1.csv moved to data/input/processed/IYQR09_loantrades_20240614_1.csv.
2024-08-12 01:00:39 INFO Input file IYQR09_repotrades_20240614_1.csv moved to data/input/working/IYQR09_repotrades_20240614_1.csv.
2024-08-12 01:00:39 INFO Calling Load Client Trade process.
2024-08-12 01:00:47 INFO Load Client Trade process executed for IYQR09_repotrades_20240614_1.csv.
2024-08-12 01:00:47 INFO working file IYQR09_repotrades_20240614_1.csv moved to data/input/processed/IYQR09_repotrades_20240614_1.csv.
2024-08-12 01:00:48 INFO Input file ADDL87_trades_20240614_1.csv moved to data/input/working/ADDL87_trades_20240614_1.csv.
2024-08-12 01:00:48 INFO Calling Load Client Trade process.
2024-08-12 01:00:48 INFO Load Client Trade process executed for ADDL87_trades_20240614_1.csv.
2024-08-12 01:00:48 INFO working file ADDL87_trades_20240614_1.csv moved to data/input/processed/ADDL87_trades_20240614_1.csv.
2024-08-12 01:00:49 INFO Listed files in local folder data/input: ['ABDD90_repotrades_20240610_1.csv', 'ADDL87_trades_20240614_1.csv', 'ACDT32_repotrades_20240610_1.csv', 'FZUS06_repotrades_20240611_1.csv', 'ADKC09_loantrades_20240610_1.csv', 'ABBD91_repotrades_20240610_1.csv', 'AWXZ01_repotrades_20240611_1.csv', 'ABDD99_loantrades_20240610_1.csv', 'ADVF33_loantrades_20240610_1.csv', 'AWXZ01_loantrades_20240611_1.csv', 'processed', 'ADFF22_loantrades_20240610_1.csv', 'positions_20240610.csv', 'DZVU04_loantrades_20240612_1.csv', 'GYTR07_repotrades_20240613_1.csv', 'FZUS06_repotrades_20240613_1.csv', 'FZUS06_loantrades_20240613_1.csv', 'HZRS08_loantrades_20240613_1.csv', 'CYZX03_repotrades_20240611_1.csv', 'ABBD91_trades_20240610_2.csv', 'ABBD91_trades_20240611_1.csv', 'EYVT05_loantrades_20240611_1.csv', 'HZRS08_repotrades_20240613_1.csv', 'ABCS12_loantrades_20240610_1.csv', 'DZVU04_repotrades_20240611_1.csv', 'ADDL87_loantrades_20240610_1.csv', 'working', 'positions_20240612.csv', 'ACDT32_loantrades_20240610_1.csv', 'IYQR09_loantrades_20240613_1.csv', 'ACDR21_repotrades_20240610_1.csv', 'EYVT05_repotrades_20240611_1.csv', 'EYVT05_loantrades_20240612_1.csv', 'BYWX02_repotrades_20240611_1.csv', 'CYZX03_loantrades_20240611_1.csv', 'ADCC12_loantrades_20240610_1.csv', 'APPC12_loantrades_20240610_1.csv', 'BYWX02_loantrades_20240611_1.csv', 'ACVD53_loantrades_20240610_1.csv', 'GYTR07_loantrades_20240613_1.csv', 'ADDE98_loantrades_20240610_1.csv', 'DZVU04_loantrades_20240611_1.csv', 'positions_20240611.csv', 'ADDL87_repotrades_20240610_1.csv']
2024-08-12 01:00:49 INFO No CSV trade files of the load date 20240614 found in the input folder.
