2024-08-12 00:18:35 INFO Log file initialized.
2024-08-12 00:18:35 INFO Starting to load trade data...
2024-08-12 00:18:35 INFO Preparing to read file eod_trades_{date}.csv with date 20240610
2024-08-12 00:18:35 INFO Data read from data/input/eod_trades_20240610.csv and ready to load in table Trades:       TradeDate TradeTime ClientCode  ...  Way   Trader SecurityType
0    2024-06-10  13:20:04     ADCC12  ...    S  trader2          NaN
1    2024-06-10  09:10:02     ADCC12  ...    B  trader1          NaN
2    2024-06-10  08:54:48     ADCC12  ...    B  trader3          NaN
3    2024-06-10  10:15:51     ADCC12  ...    S  trader3          NaN
4    2024-06-10  10:23:30     ADCC12  ...    S  trader2          NaN
..          ...       ...        ...  ...  ...      ...          ...
269  2024-06-10  06:08:20     ABCS12  ...    B  trader3          NaN
270  2024-06-10  15:06:11     ABCS12  ...    S  trader3          NaN
271  2024-06-10  10:45:36     ABCS12  ...    B  trader3          NaN
272  2024-06-10  08:24:37     ABCS12  ...    B  trader1          NaN
273  2024-06-10  09:58:52     ABCS12  ...    S  trader2          NaN

[274 rows x 13 columns]
2024-08-12 00:18:35 INFO Loading data into Trades...
2024-08-12 00:18:35 INFO Connected to database successfully.
2024-08-12 00:18:35 INFO data.sql: 113
2024-08-12 00:18:35 INFO Data loaded successfully into Trades.
2024-08-12 00:18:35 INFO Preparing to read file eod_repo_trades_{date}.csv with date 20240610
2024-08-12 00:18:35 INFO Data read from data/input/eod_repo_trades_20240610.csv and ready to load in table RepoTrades:     TradeDate TradeTime  ClientTradeId  ...   Fee   StartDate MaturityDate
0  2024-06-10  11:47:53          80763  ...  0.03  2022-11-03   2022-11-04
1  2024-06-10  12:53:17          79397  ...  0.03  2022-12-07   2022-12-12
2  2024-06-10  10:39:25         234987  ...  0.03  2022-11-03   2022-11-05
3  2024-06-10  09:27:41         342432  ...  0.03  2022-11-03   2022-11-05
4  2024-06-10  08:15:32         833434  ...  0.03  2022-11-03   2022-11-05
5  2024-06-10  08:42:17         900963  ...  0.03  2022-11-03   2022-11-05
6  2024-06-10  09:35:52         988444  ...  0.03  2022-11-03   2022-11-05
7  2024-06-10  10:12:29          99833  ...  0.03  2022-11-03   2022-11-05

[8 rows x 13 columns]
2024-08-12 00:18:35 INFO Loading data into RepoTrades...
2024-08-12 00:18:35 INFO Connected to database successfully.
2024-08-12 00:18:35 INFO data.sql: 8
2024-08-12 00:18:35 INFO Data loaded successfully into RepoTrades.
2024-08-12 00:18:35 INFO Preparing to read file eod_loan_trades_{date}.csv with date 20240610
2024-08-12 00:18:35 INFO Data read from data/input/eod_loan_trades_20240610.csv and ready to load in table LoanTrades:      TradeDate TradeTime  ClientTradeId  ... GrossAmount   NetAmount  UsedAmount
0   2024-06-10  06:44:56        2407333  ...   3000000.0    300000.0     30000.0
1   2024-06-10  08:23:45        8993746  ...  30000000.0   2000000.0  30000000.0
2   2024-06-10  09:48:11        8946839  ...  30000000.0   2000000.0  30000000.0
3   2024-06-10  10:48:12        2904833  ...  30000000.0   2000000.0  30000000.0
4   2024-06-10  07:52:19        9803223  ...  30000000.0   2000000.0   1233330.0
5   2024-06-10  11:44:56        3329003  ...  30000000.0  30000000.0  30000000.0
6   2024-06-10  06:34:21        9879643  ...   3000000.0    300000.0      2333.0
7   2024-06-10  08:21:54        4830232  ...   3000000.0    300000.0   3000000.0
8   2024-06-10  10:13:33        1193923  ...   3000000.0    300000.0   3000000.0
9   2024-06-10  08:14:37         983807  ...   3000000.0    300000.0     23030.0
10  2024-06-10  07:01:12        3423322  ...  30000000.0   2000000.0     20000.0

[11 rows x 11 columns]
2024-08-12 00:18:35 INFO Loading data into LoanTrades...
2024-08-12 00:18:35 INFO Connected to database successfully.
2024-08-12 00:18:35 INFO data.sql: 11
2024-08-12 00:18:35 INFO Data loaded successfully into LoanTrades.
2024-08-12 00:18:35 INFO Finished loading trade data.
