2024-08-12 00:16:41 INFO Log file initialized.
2024-08-12 00:16:41 INFO Parsed client code: ABCS12, trade type: loantrades, trade date: 20240610, file_number: 1.
2024-08-12 00:16:41 INFO Starting trade processing.
2024-08-12 00:16:41 INFO Extracting data query: 
        SELECT COUNT(*) AS Count
        FROM TradeBooking.AuthorizedClients
        WHERE ClientCode = :client_code
        AND KYC_Status = 'Y'
        AND RISK_Status = 'Y'
        .
2024-08-12 00:16:41 INFO Connected to database successfully.
2024-08-12 00:16:41 INFO <sqlalchemy.engine.cursor.CursorResult object at 0x7485f1ebcf40>
2024-08-12 00:16:41 INFO    Count
0      1
2024-08-12 00:16:41 INFO Starting LoanTrades Sanity Checks...
2024-08-12 00:16:41 INFO   TradeDate TradeTime  ClientTradeId  ... NetAmount UsedAmount Currency
0  20240610  06:34:21        9879643  ...    300000       2333      USD

[1 rows x 12 columns]
2024-08-12 00:16:41 INFO Insert data into the database
2024-08-12 00:16:41 INFO Loading data into LoanTrades...
2024-08-12 00:16:41 INFO Connected to database successfully.
2024-08-12 00:16:41 INFO data.sql: 1
2024-08-12 00:16:41 INFO Data loaded successfully into LoanTrades.
2024-08-12 00:16:41 INFO Finished loading trades.
