2024-08-12 00:16:44 INFO Log file initialized.
2024-08-12 00:16:44 INFO Parsed client code: ADDE98, trade type: loantrades, trade date: 20240610, file_number: 1.
2024-08-12 00:16:44 INFO Starting trade processing.
2024-08-12 00:16:44 INFO Extracting data query: 
        SELECT COUNT(*) AS Count
        FROM TradeBooking.AuthorizedClients
        WHERE ClientCode = :client_code
        AND KYC_Status = 'Y'
        AND RISK_Status = 'Y'
        .
2024-08-12 00:16:44 INFO Connected to database successfully.
2024-08-12 00:16:44 INFO <sqlalchemy.engine.cursor.CursorResult object at 0x7f173a35cf40>
2024-08-12 00:16:44 INFO    Count
0      1
2024-08-12 00:16:44 INFO Starting LoanTrades Sanity Checks...
2024-08-12 00:16:44 INFO   TradeDate TradeTime  ClientTradeId  ... NetAmount UsedAmount Currency
0  20240610  08:21:54        4830232  ...    300000    3000000      USD

[1 rows x 12 columns]
2024-08-12 00:16:44 INFO Insert data into the database
2024-08-12 00:16:44 INFO Loading data into LoanTrades...
2024-08-12 00:16:44 INFO Connected to database successfully.
2024-08-12 00:16:45 INFO data.sql: 1
2024-08-12 00:16:45 INFO Data loaded successfully into LoanTrades.
2024-08-12 00:16:45 INFO Finished loading trades.
