2024-08-12 00:16:24 INFO Log file initialized.
2024-08-12 00:16:24 INFO Parsed client code: ADDL87, trade type: repotrades, trade date: 20240610, file_number: 1.
2024-08-12 00:16:24 INFO Starting trade processing.
2024-08-12 00:16:24 INFO Extracting data query: 
        SELECT COUNT(*) AS Count
        FROM TradeBooking.AuthorizedClients
        WHERE ClientCode = :client_code
        AND KYC_Status = 'Y'
        AND RISK_Status = 'Y'
        .
2024-08-12 00:16:24 INFO Connected to database successfully.
2024-08-12 00:16:24 INFO <sqlalchemy.engine.cursor.CursorResult object at 0x7014729b0f40>
2024-08-12 00:16:24 INFO    Count
0      1
2024-08-12 00:16:24 INFO Starting Trades_repo Sanity Checks...
2024-08-12 00:16:24 INFO    ClientTradeId ClientCode    Nominal  ...   Fee Way       Trader
0         234987     ADDL87  140000000  ...  0.03   B  mthomas4718

[1 rows x 16 columns]
2024-08-12 00:16:24 INFO End of Trades_repo Sanity Checks...
2024-08-12 00:16:24 INFO Insert data into the database
2024-08-12 00:16:24 INFO Loading data into RepoTrades...
2024-08-12 00:16:24 INFO Connected to database successfully.
2024-08-12 00:16:24 INFO data.sql: 1
2024-08-12 00:16:24 INFO Data loaded successfully into RepoTrades.
2024-08-12 00:16:24 INFO Finished loading trades.
