2024-08-12 00:17:09 INFO Log file initialized.
2024-08-12 00:17:09 INFO Parsed client code: APPC12, trade type: loantrades, trade date: 20240610, file_number: 1.
2024-08-12 00:17:09 INFO Starting trade processing.
2024-08-12 00:17:09 INFO Extracting data query: 
        SELECT COUNT(*) AS Count
        FROM TradeBooking.AuthorizedClients
        WHERE ClientCode = :client_code
        AND KYC_Status = 'Y'
        AND RISK_Status = 'Y'
        .
2024-08-12 00:17:09 INFO Connected to database successfully.
2024-08-12 00:17:09 INFO <sqlalchemy.engine.cursor.CursorResult object at 0x712e85958f40>
2024-08-12 00:17:09 INFO    Count
0      1
2024-08-12 00:17:09 INFO Starting LoanTrades Sanity Checks...
2024-08-12 00:17:09 INFO   TradeDate TradeTime  ClientTradeId  ... NetAmount UsedAmount Currency
0  20240610  07:01:12        3423322  ...   2000000      20000      USD

[1 rows x 12 columns]
2024-08-12 00:17:09 INFO Insert data into the database
2024-08-12 00:17:09 INFO Loading data into LoanTrades...
2024-08-12 00:17:09 INFO Connected to database successfully.
2024-08-12 00:17:09 INFO data.sql: 1
2024-08-12 00:17:09 INFO Data loaded successfully into LoanTrades.
2024-08-12 00:17:09 INFO Finished loading trades.
